<?xml version="1.0" encoding="UTF-8"?>
<!-- Generated by org.testng.reporters.JUnitReportReporter -->
<testsuite skipped="0" hostname="BAT04113L" name="runners.TestRunner" tests="3" failures="0" timestamp="30 Aug 2019 09:10:33 GMT" time="63.244" errors="0">
  <testcase name="runScenario" time="38.627" classname="runners.TestRunner"/>
  <testcase name="runScenario" time="10.934" classname="runners.TestRunner"/>
  <testcase name="runScenario" time="13.683" classname="runners.TestRunner"/>
</testsuite> <!-- runners.TestRunner -->
